<?xml version="1.0" encoding="UTF-8"?>
<robot generator="Robot 7.2.2 (Python 3.13.3 on win32)" generated="2025-04-21T20:59:35.436864" rpa="false" schemaversion="5">
<suite id="s1" name="Login Tests" source="D:\robotframework\login_tests">
<suite id="s1-s1" name="Invalid Login" source="D:\robotframework\login_tests\invalid_login.robot">
<kw name="Open Browser To Login Page" owner="resource" type="SETUP">
<kw name="Open Browser" owner="SeleniumLibrary">
<msg time="2025-04-21T20:59:35.712950" level="INFO">Opening browser 'Firefox' to base url 'https://melivecode.com/login/login.html'.</msg>
<arg>${LOGIN URL}</arg>
<arg>${BROWSER}</arg>
<doc>Opens a new browser instance to the optional ``url``.</doc>
<status status="PASS" start="2025-04-21T20:59:35.712694" elapsed="7.387369"/>
</kw>
<kw name="Maximize Browser Window" owner="SeleniumLibrary">
<doc>Maximizes current browser window.</doc>
<status status="PASS" start="2025-04-21T20:59:43.100464" elapsed="0.007443"/>
</kw>
<kw name="Set Selenium Speed" owner="SeleniumLibrary">
<arg>${DELAY}</arg>
<doc>Sets the delay that is waited after each Selenium command.</doc>
<status status="PASS" start="2025-04-21T20:59:43.108147" elapsed="0.000325"/>
</kw>
<kw name="Login Page Should Be Open" owner="resource">
<kw name="Title Should Be" owner="SeleniumLibrary">
<msg time="2025-04-21T20:59:43.111030" level="INFO">Page title is 'Me Live Code - Login'.</msg>
<arg>Me Live Code - Login</arg>
<doc>Verifies that the current page title equals ``title``.</doc>
<status status="PASS" start="2025-04-21T20:59:43.108984" elapsed="0.002200"/>
</kw>
<status status="PASS" start="2025-04-21T20:59:43.108707" elapsed="0.002653"/>
</kw>
<status status="PASS" start="2025-04-21T20:59:35.712010" elapsed="7.399499"/>
</kw>
<test id="s1-s1-t1" name="Invalid Username" line="17">
<kw name="Go To Login Page" owner="resource" type="SETUP">
<kw name="Go To" owner="SeleniumLibrary">
<msg time="2025-04-21T20:59:43.114297" level="INFO">Opening url 'https://melivecode.com/login/login.html'</msg>
<arg>${LOGIN URL}</arg>
<doc>Navigates the current browser window to the provided ``url``.</doc>
<status status="PASS" start="2025-04-21T20:59:43.114078" elapsed="0.217813"/>
</kw>
<kw name="Login Page Should Be Open" owner="resource">
<kw name="Title Should Be" owner="SeleniumLibrary">
<msg time="2025-04-21T20:59:43.334657" level="INFO">Page title is 'Me Live Code - Login'.</msg>
<arg>Me Live Code - Login</arg>
<doc>Verifies that the current page title equals ``title``.</doc>
<status status="PASS" start="2025-04-21T20:59:43.332555" elapsed="0.002255"/>
</kw>
<status status="PASS" start="2025-04-21T20:59:43.332180" elapsed="0.002795"/>
</kw>
<status status="PASS" start="2025-04-21T20:59:43.113640" elapsed="0.221434"/>
</kw>
<kw name="Login With Invalid Credentials Should Fail">
<kw name="Input Username" owner="resource">
<kw name="Input Text" owner="SeleniumLibrary">
<msg time="2025-04-21T20:59:43.342203" level="INFO">Typing text 'invalid' into text field 'username'.</msg>
<arg>username</arg>
<arg>${username}</arg>
<doc>Types the given ``text`` into the text field identified by ``locator``.</doc>
<status status="PASS" start="2025-04-21T20:59:43.341734" elapsed="0.156014"/>
</kw>
<arg>${username}</arg>
<status status="PASS" start="2025-04-21T20:59:43.341308" elapsed="0.156911"/>
</kw>
<kw name="Input Password" owner="resource">
<kw name="Input Text" owner="SeleniumLibrary">
<msg time="2025-04-21T20:59:43.499953" level="INFO">Typing text 'melivecode' into text field 'password'.</msg>
<arg>password</arg>
<arg>${password}</arg>
<doc>Types the given ``text`` into the text field identified by ``locator``.</doc>
<status status="PASS" start="2025-04-21T20:59:43.499568" elapsed="0.035868"/>
</kw>
<arg>${password}</arg>
<status status="PASS" start="2025-04-21T20:59:43.498764" elapsed="0.037040"/>
</kw>
<kw name="Submit Credentials" owner="resource">
<kw name="Click Button" owner="SeleniumLibrary">
<msg time="2025-04-21T20:59:43.537570" level="INFO">Clicking button 'login_button'.</msg>
<arg>login_button</arg>
<doc>Clicks the button identified by ``locator``.</doc>
<status status="PASS" start="2025-04-21T20:59:43.537190" elapsed="0.281236"/>
</kw>
<status status="PASS" start="2025-04-21T20:59:43.536408" elapsed="0.282177"/>
</kw>
<kw name="Login Should Have Failed">
<kw name="Location Should Be" owner="SeleniumLibrary">
<msg time="2025-04-21T20:59:43.821504" level="INFO">Current location is 'https://melivecode.com/login/login.html'.</msg>
<arg>${ERROR URL}</arg>
<doc>Verifies that the current URL is exactly ``url``.</doc>
<status status="PASS" start="2025-04-21T20:59:43.819180" elapsed="0.002449"/>
</kw>
<kw name="Title Should Be" owner="SeleniumLibrary">
<msg time="2025-04-21T20:59:43.824031" level="INFO">Page title is 'Me Live Code - Login'.</msg>
<arg>Me Live Code - Login</arg>
<doc>Verifies that the current page title equals ``title``.</doc>
<status status="PASS" start="2025-04-21T20:59:43.821854" elapsed="0.002316"/>
</kw>
<status status="PASS" start="2025-04-21T20:59:43.818813" elapsed="0.005510"/>
</kw>
<arg>invalid</arg>
<arg>${VALID PASSWORD}</arg>
<status status="PASS" start="2025-04-21T20:59:43.340730" elapsed="0.483696"/>
</kw>
<status status="PASS" start="2025-04-21T20:59:43.111636" elapsed="0.713142"/>
</test>
<test id="s1-s1-t2" name="Invalid Password" line="18">
<kw name="Go To Login Page" owner="resource" type="SETUP">
<kw name="Go To" owner="SeleniumLibrary">
<msg time="2025-04-21T20:59:43.827149" level="INFO">Opening url 'https://melivecode.com/login/login.html'</msg>
<arg>${LOGIN URL}</arg>
<doc>Navigates the current browser window to the provided ``url``.</doc>
<status status="PASS" start="2025-04-21T20:59:43.826903" elapsed="0.179719"/>
</kw>
<kw name="Login Page Should Be Open" owner="resource">
<kw name="Title Should Be" owner="SeleniumLibrary">
<msg time="2025-04-21T20:59:44.014251" level="INFO">Page title is 'Me Live Code - Login'.</msg>
<arg>Me Live Code - Login</arg>
<doc>Verifies that the current page title equals ``title``.</doc>
<status status="PASS" start="2025-04-21T20:59:44.007306" elapsed="0.007085"/>
</kw>
<status status="PASS" start="2025-04-21T20:59:44.006920" elapsed="0.007615"/>
</kw>
<status status="PASS" start="2025-04-21T20:59:43.826499" elapsed="0.188129"/>
</kw>
<kw name="Login With Invalid Credentials Should Fail">
<kw name="Input Username" owner="resource">
<kw name="Input Text" owner="SeleniumLibrary">
<msg time="2025-04-21T20:59:44.016278" level="INFO">Typing text 'karn.yong@melivecode.com' into text field 'username'.</msg>
<arg>username</arg>
<arg>${username}</arg>
<doc>Types the given ``text`` into the text field identified by ``locator``.</doc>
<status status="PASS" start="2025-04-21T20:59:44.015952" elapsed="0.056899"/>
</kw>
<arg>${username}</arg>
<status status="PASS" start="2025-04-21T20:59:44.015511" elapsed="0.057490"/>
</kw>
<kw name="Input Password" owner="resource">
<kw name="Input Text" owner="SeleniumLibrary">
<msg time="2025-04-21T20:59:44.073940" level="INFO">Typing text 'invalid' into text field 'password'.</msg>
<arg>password</arg>
<arg>${password}</arg>
<doc>Types the given ``text`` into the text field identified by ``locator``.</doc>
<status status="PASS" start="2025-04-21T20:59:44.073663" elapsed="0.023929"/>
</kw>
<arg>${password}</arg>
<status status="PASS" start="2025-04-21T20:59:44.073224" elapsed="0.024708"/>
</kw>
<kw name="Submit Credentials" owner="resource">
<kw name="Click Button" owner="SeleniumLibrary">
<msg time="2025-04-21T20:59:44.099289" level="INFO">Clicking button 'login_button'.</msg>
<arg>login_button</arg>
<doc>Clicks the button identified by ``locator``.</doc>
<status status="PASS" start="2025-04-21T20:59:44.099015" elapsed="0.247007"/>
</kw>
<status status="PASS" start="2025-04-21T20:59:44.098397" elapsed="0.247793"/>
</kw>
<kw name="Login Should Have Failed">
<kw name="Location Should Be" owner="SeleniumLibrary">
<msg time="2025-04-21T20:59:44.349483" level="INFO">Current location is 'https://melivecode.com/login/login.html'.</msg>
<arg>${ERROR URL}</arg>
<doc>Verifies that the current URL is exactly ``url``.</doc>
<status status="PASS" start="2025-04-21T20:59:44.346927" elapsed="0.002846"/>
</kw>
<kw name="Title Should Be" owner="SeleniumLibrary">
<msg time="2025-04-21T20:59:44.351917" level="INFO">Page title is 'Me Live Code - Login'.</msg>
<arg>Me Live Code - Login</arg>
<doc>Verifies that the current page title equals ``title``.</doc>
<status status="PASS" start="2025-04-21T20:59:44.350025" elapsed="0.002021"/>
</kw>
<status status="PASS" start="2025-04-21T20:59:44.346461" elapsed="0.005721"/>
</kw>
<arg>${VALID USER}</arg>
<arg>invalid</arg>
<status status="PASS" start="2025-04-21T20:59:44.014995" elapsed="0.337281"/>
</kw>
<status status="PASS" start="2025-04-21T20:59:43.825835" elapsed="0.526741"/>
</test>
<test id="s1-s1-t3" name="Invalid Username And Password" line="19">
<kw name="Go To Login Page" owner="resource" type="SETUP">
<kw name="Go To" owner="SeleniumLibrary">
<msg time="2025-04-21T20:59:44.354922" level="INFO">Opening url 'https://melivecode.com/login/login.html'</msg>
<arg>${LOGIN URL}</arg>
<doc>Navigates the current browser window to the provided ``url``.</doc>
<status status="PASS" start="2025-04-21T20:59:44.354714" elapsed="0.179023"/>
</kw>
<kw name="Login Page Should Be Open" owner="resource">
<kw name="Title Should Be" owner="SeleniumLibrary">
<msg time="2025-04-21T20:59:44.537135" level="INFO">Page title is 'Me Live Code - Login'.</msg>
<arg>Me Live Code - Login</arg>
<doc>Verifies that the current page title equals ``title``.</doc>
<status status="PASS" start="2025-04-21T20:59:44.534464" elapsed="0.002818"/>
</kw>
<status status="PASS" start="2025-04-21T20:59:44.534040" elapsed="0.003411"/>
</kw>
<status status="PASS" start="2025-04-21T20:59:44.354300" elapsed="0.183259"/>
</kw>
<kw name="Login With Invalid Credentials Should Fail">
<kw name="Input Username" owner="resource">
<kw name="Input Text" owner="SeleniumLibrary">
<msg time="2025-04-21T20:59:44.541821" level="INFO">Typing text 'invalid' into text field 'username'.</msg>
<arg>username</arg>
<arg>${username}</arg>
<doc>Types the given ``text`` into the text field identified by ``locator``.</doc>
<status status="PASS" start="2025-04-21T20:59:44.541460" elapsed="0.051183"/>
</kw>
<arg>${username}</arg>
<status status="PASS" start="2025-04-21T20:59:44.540921" elapsed="0.051890"/>
</kw>
<kw name="Input Password" owner="resource">
<kw name="Input Text" owner="SeleniumLibrary">
<msg time="2025-04-21T20:59:44.594029" level="INFO">Typing text 'whatever' into text field 'password'.</msg>
<arg>password</arg>
<arg>${password}</arg>
<doc>Types the given ``text`` into the text field identified by ``locator``.</doc>
<status status="PASS" start="2025-04-21T20:59:44.593517" elapsed="0.026398"/>
</kw>
<arg>${password}</arg>
<status status="PASS" start="2025-04-21T20:59:44.593053" elapsed="0.027038"/>
</kw>
<kw name="Submit Credentials" owner="resource">
<kw name="Click Button" owner="SeleniumLibrary">
<msg time="2025-04-21T20:59:44.620964" level="INFO">Clicking button 'login_button'.</msg>
<arg>login_button</arg>
<doc>Clicks the button identified by ``locator``.</doc>
<status status="PASS" start="2025-04-21T20:59:44.620720" elapsed="0.225848"/>
</kw>
<status status="PASS" start="2025-04-21T20:59:44.620330" elapsed="0.226404"/>
</kw>
<kw name="Login Should Have Failed">
<kw name="Location Should Be" owner="SeleniumLibrary">
<msg time="2025-04-21T20:59:44.849202" level="INFO">Current location is 'https://melivecode.com/login/login.html'.</msg>
<arg>${ERROR URL}</arg>
<doc>Verifies that the current URL is exactly ``url``.</doc>
<status status="PASS" start="2025-04-21T20:59:44.847355" elapsed="0.001963"/>
</kw>
<kw name="Title Should Be" owner="SeleniumLibrary">
<msg time="2025-04-21T20:59:44.851257" level="INFO">Page title is 'Me Live Code - Login'.</msg>
<arg>Me Live Code - Login</arg>
<doc>Verifies that the current page title equals ``title``.</doc>
<status status="PASS" start="2025-04-21T20:59:44.849523" elapsed="0.001856"/>
</kw>
<status status="PASS" start="2025-04-21T20:59:44.846966" elapsed="0.004553"/>
</kw>
<arg>invalid</arg>
<arg>whatever</arg>
<status status="PASS" start="2025-04-21T20:59:44.540351" elapsed="0.311260"/>
</kw>
<status status="PASS" start="2025-04-21T20:59:44.353575" elapsed="0.508084"/>
</test>
<test id="s1-s1-t4" name="Empty Username" line="20">
<kw name="Go To Login Page" owner="resource" type="SETUP">
<kw name="Go To" owner="SeleniumLibrary">
<msg time="2025-04-21T20:59:44.883457" level="INFO">Opening url 'https://melivecode.com/login/login.html'</msg>
<arg>${LOGIN URL}</arg>
<doc>Navigates the current browser window to the provided ``url``.</doc>
<status status="PASS" start="2025-04-21T20:59:44.883190" elapsed="0.170344"/>
</kw>
<kw name="Login Page Should Be Open" owner="resource">
<kw name="Title Should Be" owner="SeleniumLibrary">
<msg time="2025-04-21T20:59:45.059381" level="INFO">Page title is 'Me Live Code - Login'.</msg>
<arg>Me Live Code - Login</arg>
<doc>Verifies that the current page title equals ``title``.</doc>
<status status="PASS" start="2025-04-21T20:59:45.054272" elapsed="0.005234"/>
</kw>
<status status="PASS" start="2025-04-21T20:59:45.053856" elapsed="0.005788"/>
</kw>
<status status="PASS" start="2025-04-21T20:59:44.882694" elapsed="0.177041"/>
</kw>
<kw name="Login With Invalid Credentials Should Fail">
<kw name="Input Username" owner="resource">
<kw name="Input Text" owner="SeleniumLibrary">
<msg time="2025-04-21T20:59:45.062314" level="INFO">Typing text '' into text field 'username'.</msg>
<arg>username</arg>
<arg>${username}</arg>
<doc>Types the given ``text`` into the text field identified by ``locator``.</doc>
<status status="PASS" start="2025-04-21T20:59:45.061839" elapsed="0.021387"/>
</kw>
<arg>${username}</arg>
<status status="PASS" start="2025-04-21T20:59:45.061287" elapsed="0.022103"/>
</kw>
<kw name="Input Password" owner="resource">
<kw name="Input Text" owner="SeleniumLibrary">
<msg time="2025-04-21T20:59:45.084447" level="INFO">Typing text 'melivecode' into text field 'password'.</msg>
<arg>password</arg>
<arg>${password}</arg>
<doc>Types the given ``text`` into the text field identified by ``locator``.</doc>
<status status="PASS" start="2025-04-21T20:59:45.084169" elapsed="0.042458"/>
</kw>
<arg>${password}</arg>
<status status="PASS" start="2025-04-21T20:59:45.083669" elapsed="0.043129"/>
</kw>
<kw name="Submit Credentials" owner="resource">
<kw name="Click Button" owner="SeleniumLibrary">
<msg time="2025-04-21T20:59:45.128355" level="INFO">Clicking button 'login_button'.</msg>
<arg>login_button</arg>
<doc>Clicks the button identified by ``locator``.</doc>
<status status="PASS" start="2025-04-21T20:59:45.127948" elapsed="0.217075"/>
</kw>
<status status="PASS" start="2025-04-21T20:59:45.127264" elapsed="0.217930"/>
</kw>
<kw name="Login Should Have Failed">
<kw name="Location Should Be" owner="SeleniumLibrary">
<msg time="2025-04-21T20:59:45.347906" level="INFO">Current location is 'https://melivecode.com/login/login.html'.</msg>
<arg>${ERROR URL}</arg>
<doc>Verifies that the current URL is exactly ``url``.</doc>
<status status="PASS" start="2025-04-21T20:59:45.345858" elapsed="0.002168"/>
</kw>
<kw name="Title Should Be" owner="SeleniumLibrary">
<msg time="2025-04-21T20:59:45.349748" level="INFO">Page title is 'Me Live Code - Login'.</msg>
<arg>Me Live Code - Login</arg>
<doc>Verifies that the current page title equals ``title``.</doc>
<status status="PASS" start="2025-04-21T20:59:45.348236" elapsed="0.001614"/>
</kw>
<status status="PASS" start="2025-04-21T20:59:45.345440" elapsed="0.004539"/>
</kw>
<arg>${EMPTY}</arg>
<arg>${VALID PASSWORD}</arg>
<status status="PASS" start="2025-04-21T20:59:45.060105" elapsed="0.289975"/>
</kw>
<status status="PASS" start="2025-04-21T20:59:44.881878" elapsed="0.468471"/>
</test>
<test id="s1-s1-t5" name="Empty Password" line="21">
<kw name="Go To Login Page" owner="resource" type="SETUP">
<kw name="Go To" owner="SeleniumLibrary">
<msg time="2025-04-21T20:59:45.352648" level="INFO">Opening url 'https://melivecode.com/login/login.html'</msg>
<arg>${LOGIN URL}</arg>
<doc>Navigates the current browser window to the provided ``url``.</doc>
<status status="PASS" start="2025-04-21T20:59:45.352301" elapsed="0.139328"/>
</kw>
<kw name="Login Page Should Be Open" owner="resource">
<kw name="Title Should Be" owner="SeleniumLibrary">
<msg time="2025-04-21T20:59:45.498380" level="INFO">Page title is 'Me Live Code - Login'.</msg>
<arg>Me Live Code - Login</arg>
<doc>Verifies that the current page title equals ``title``.</doc>
<status status="PASS" start="2025-04-21T20:59:45.492355" elapsed="0.006154"/>
</kw>
<status status="PASS" start="2025-04-21T20:59:45.491940" elapsed="0.006709"/>
</kw>
<status status="PASS" start="2025-04-21T20:59:45.351932" elapsed="0.146812"/>
</kw>
<kw name="Login With Invalid Credentials Should Fail">
<kw name="Input Username" owner="resource">
<kw name="Input Text" owner="SeleniumLibrary">
<msg time="2025-04-21T20:59:45.512006" level="INFO">Typing text 'karn.yong@melivecode.com' into text field 'username'.</msg>
<arg>username</arg>
<arg>${username}</arg>
<doc>Types the given ``text`` into the text field identified by ``locator``.</doc>
<status status="PASS" start="2025-04-21T20:59:45.511623" elapsed="0.046618"/>
</kw>
<arg>${username}</arg>
<status status="PASS" start="2025-04-21T20:59:45.511085" elapsed="0.047322"/>
</kw>
<kw name="Input Password" owner="resource">
<kw name="Input Text" owner="SeleniumLibrary">
<msg time="2025-04-21T20:59:45.559387" level="INFO">Typing text '' into text field 'password'.</msg>
<arg>password</arg>
<arg>${password}</arg>
<doc>Types the given ``text`` into the text field identified by ``locator``.</doc>
<status status="PASS" start="2025-04-21T20:59:45.559067" elapsed="0.017151"/>
</kw>
<arg>${password}</arg>
<status status="PASS" start="2025-04-21T20:59:45.558630" elapsed="0.017784"/>
</kw>
<kw name="Submit Credentials" owner="resource">
<kw name="Click Button" owner="SeleniumLibrary">
<msg time="2025-04-21T20:59:45.577835" level="INFO">Clicking button 'login_button'.</msg>
<arg>login_button</arg>
<doc>Clicks the button identified by ``locator``.</doc>
<status status="PASS" start="2025-04-21T20:59:45.577535" elapsed="0.236102"/>
</kw>
<status status="PASS" start="2025-04-21T20:59:45.576673" elapsed="0.237121"/>
</kw>
<kw name="Login Should Have Failed">
<kw name="Location Should Be" owner="SeleniumLibrary">
<msg time="2025-04-21T20:59:45.816395" level="INFO">Current location is 'https://melivecode.com/login/login.html'.</msg>
<arg>${ERROR URL}</arg>
<doc>Verifies that the current URL is exactly ``url``.</doc>
<status status="PASS" start="2025-04-21T20:59:45.814440" elapsed="0.002099"/>
</kw>
<kw name="Title Should Be" owner="SeleniumLibrary">
<msg time="2025-04-21T20:59:45.818427" level="INFO">Page title is 'Me Live Code - Login'.</msg>
<arg>Me Live Code - Login</arg>
<doc>Verifies that the current page title equals ``title``.</doc>
<status status="PASS" start="2025-04-21T20:59:45.816760" elapsed="0.001774"/>
</kw>
<status status="PASS" start="2025-04-21T20:59:45.814003" elapsed="0.004660"/>
</kw>
<arg>${VALID USER}</arg>
<arg>${EMPTY}</arg>
<status status="PASS" start="2025-04-21T20:59:45.509922" elapsed="0.308831"/>
</kw>
<status status="PASS" start="2025-04-21T20:59:45.351324" elapsed="0.467696"/>
</test>
<test id="s1-s1-t6" name="Empty Username And Password" line="22">
<kw name="Go To Login Page" owner="resource" type="SETUP">
<kw name="Go To" owner="SeleniumLibrary">
<msg time="2025-04-21T20:59:45.820876" level="INFO">Opening url 'https://melivecode.com/login/login.html'</msg>
<arg>${LOGIN URL}</arg>
<doc>Navigates the current browser window to the provided ``url``.</doc>
<status status="PASS" start="2025-04-21T20:59:45.820682" elapsed="0.151000"/>
</kw>
<kw name="Login Page Should Be Open" owner="resource">
<kw name="Title Should Be" owner="SeleniumLibrary">
<msg time="2025-04-21T20:59:45.977477" level="INFO">Page title is 'Me Live Code - Login'.</msg>
<arg>Me Live Code - Login</arg>
<doc>Verifies that the current page title equals ``title``.</doc>
<status status="PASS" start="2025-04-21T20:59:45.972328" elapsed="0.005322"/>
</kw>
<status status="PASS" start="2025-04-21T20:59:45.971967" elapsed="0.005876"/>
</kw>
<status status="PASS" start="2025-04-21T20:59:45.820262" elapsed="0.157715"/>
</kw>
<kw name="Login With Invalid Credentials Should Fail">
<kw name="Input Username" owner="resource">
<kw name="Input Text" owner="SeleniumLibrary">
<msg time="2025-04-21T20:59:45.983504" level="INFO">Typing text '' into text field 'username'.</msg>
<arg>username</arg>
<arg>${username}</arg>
<doc>Types the given ``text`` into the text field identified by ``locator``.</doc>
<status status="PASS" start="2025-04-21T20:59:45.983212" elapsed="0.020705"/>
</kw>
<arg>${username}</arg>
<status status="PASS" start="2025-04-21T20:59:45.982815" elapsed="0.021464"/>
</kw>
<kw name="Input Password" owner="resource">
<kw name="Input Text" owner="SeleniumLibrary">
<msg time="2025-04-21T20:59:46.005579" level="INFO">Typing text '' into text field 'password'.</msg>
<arg>password</arg>
<arg>${password}</arg>
<doc>Types the given ``text`` into the text field identified by ``locator``.</doc>
<status status="PASS" start="2025-04-21T20:59:46.005268" elapsed="0.027224"/>
</kw>
<arg>${password}</arg>
<status status="PASS" start="2025-04-21T20:59:46.004759" elapsed="0.027978"/>
</kw>
<kw name="Submit Credentials" owner="resource">
<kw name="Click Button" owner="SeleniumLibrary">
<msg time="2025-04-21T20:59:46.033693" level="INFO">Clicking button 'login_button'.</msg>
<arg>login_button</arg>
<doc>Clicks the button identified by ``locator``.</doc>
<status status="PASS" start="2025-04-21T20:59:46.033431" elapsed="0.227505"/>
</kw>
<status status="PASS" start="2025-04-21T20:59:46.033013" elapsed="0.228121"/>
</kw>
<kw name="Login Should Have Failed">
<kw name="Location Should Be" owner="SeleniumLibrary">
<msg time="2025-04-21T20:59:46.264336" level="INFO">Current location is 'https://melivecode.com/login/login.html'.</msg>
<arg>${ERROR URL}</arg>
<doc>Verifies that the current URL is exactly ``url``.</doc>
<status status="PASS" start="2025-04-21T20:59:46.261945" elapsed="0.002512"/>
</kw>
<kw name="Title Should Be" owner="SeleniumLibrary">
<msg time="2025-04-21T20:59:46.266986" level="INFO">Page title is 'Me Live Code - Login'.</msg>
<arg>Me Live Code - Login</arg>
<doc>Verifies that the current page title equals ``title``.</doc>
<status status="PASS" start="2025-04-21T20:59:46.264684" elapsed="0.002419"/>
</kw>
<status status="PASS" start="2025-04-21T20:59:46.261436" elapsed="0.005801"/>
</kw>
<arg>${EMPTY}</arg>
<arg>${EMPTY}</arg>
<status status="PASS" start="2025-04-21T20:59:45.981446" elapsed="0.285883"/>
</kw>
<status status="PASS" start="2025-04-21T20:59:45.819748" elapsed="0.447876"/>
</test>
<kw name="Close Browser" owner="SeleniumLibrary" type="TEARDOWN">
<doc>Closes the current browser.</doc>
<status status="PASS" start="2025-04-21T20:59:46.268816" elapsed="3.236629"/>
</kw>
<doc>A test suite containing tests related to invalid login.

These tests are data-driven by their nature. They use a single
keyword, specified with Test Template setting, that is called
with different arguments to cover different scenarios.

This suite also demonstrates using setups and teardowns in
different levels.</doc>
<status status="PASS" start="2025-04-21T20:59:35.469677" elapsed="14.036060"/>
</suite>
<suite id="s1-s2" name="Valid Login" source="D:\robotframework\login_tests\valid_login.robot">
<test id="s1-s2-t1" name="Valid Login" line="9">
<kw name="Open Browser To Login Page" owner="resource">
<kw name="Open Browser" owner="SeleniumLibrary">
<msg time="2025-04-21T20:59:49.530328" level="INFO">Opening browser 'Firefox' to base url 'https://melivecode.com/login/login.html'.</msg>
<arg>${LOGIN URL}</arg>
<arg>${BROWSER}</arg>
<doc>Opens a new browser instance to the optional ``url``.</doc>
<status status="PASS" start="2025-04-21T20:59:49.529096" elapsed="8.246240"/>
</kw>
<kw name="Maximize Browser Window" owner="SeleniumLibrary">
<doc>Maximizes current browser window.</doc>
<status status="PASS" start="2025-04-21T20:59:57.775794" elapsed="0.012362"/>
</kw>
<kw name="Set Selenium Speed" owner="SeleniumLibrary">
<arg>${DELAY}</arg>
<doc>Sets the delay that is waited after each Selenium command.</doc>
<status status="PASS" start="2025-04-21T20:59:57.788482" elapsed="0.000462"/>
</kw>
<kw name="Login Page Should Be Open" owner="resource">
<kw name="Title Should Be" owner="SeleniumLibrary">
<msg time="2025-04-21T20:59:57.793753" level="INFO">Page title is 'Me Live Code - Login'.</msg>
<arg>Me Live Code - Login</arg>
<doc>Verifies that the current page title equals ``title``.</doc>
<status status="PASS" start="2025-04-21T20:59:57.789743" elapsed="0.004196"/>
</kw>
<status status="PASS" start="2025-04-21T20:59:57.789264" elapsed="0.004886"/>
</kw>
<status status="PASS" start="2025-04-21T20:59:49.527428" elapsed="8.266870"/>
</kw>
<kw name="Input Username" owner="resource">
<kw name="Input Text" owner="SeleniumLibrary">
<msg time="2025-04-21T20:59:57.851408" level="INFO">Typing text 'karn.yong@melivecode.com' into text field 'username'.</msg>
<arg>username</arg>
<arg>${username}</arg>
<doc>Types the given ``text`` into the text field identified by ``locator``.</doc>
<status status="PASS" start="2025-04-21T20:59:57.850960" elapsed="0.200651"/>
</kw>
<arg>karn.yong@melivecode.com</arg>
<status status="PASS" start="2025-04-21T20:59:57.850320" elapsed="0.201536"/>
</kw>
<kw name="Input Password" owner="resource">
<kw name="Input Text" owner="SeleniumLibrary">
<msg time="2025-04-21T20:59:58.057327" level="INFO">Typing text 'melivecode' into text field 'password'.</msg>
<arg>password</arg>
<arg>${password}</arg>
<doc>Types the given ``text`` into the text field identified by ``locator``.</doc>
<status status="PASS" start="2025-04-21T20:59:58.056895" elapsed="0.126921"/>
</kw>
<arg>melivecode</arg>
<status status="PASS" start="2025-04-21T20:59:58.056257" elapsed="0.127803"/>
</kw>
<kw name="Submit Credentials" owner="resource">
<kw name="Click Button" owner="SeleniumLibrary">
<msg time="2025-04-21T20:59:58.185440" level="INFO">Clicking button 'login_button'.</msg>
<arg>login_button</arg>
<doc>Clicks the button identified by ``locator``.</doc>
<status status="PASS" start="2025-04-21T20:59:58.185098" elapsed="0.288819"/>
</kw>
<status status="PASS" start="2025-04-21T20:59:58.184567" elapsed="0.289590"/>
</kw>
<kw name="Welcome Page Should Be Open" owner="resource">
<kw name="Location Should Be" owner="SeleniumLibrary">
<msg time="2025-04-21T20:59:58.555629" level="INFO" html="true">&lt;/td&gt;&lt;/tr&gt;&lt;tr&gt;&lt;td colspan="3"&gt;&lt;a href="selenium-screenshot-11.png"&gt;&lt;img src="selenium-screenshot-11.png" width="800px"&gt;&lt;/a&gt;</msg>
<msg time="2025-04-21T20:59:58.555963" level="FAIL">Location should have been 'https://melivecode.com/login/index.html' but was 'https://melivecode.com/login/login.html'.</msg>
<arg>${WELCOME URL}</arg>
<doc>Verifies that the current URL is exactly ``url``.</doc>
<status status="FAIL" start="2025-04-21T20:59:58.475589" elapsed="0.084981">Location should have been 'https://melivecode.com/login/index.html' but was 'https://melivecode.com/login/login.html'.</status>
</kw>
<kw name="Title Should Be" owner="SeleniumLibrary">
<arg>Profile Page</arg>
<doc>Verifies that the current page title equals ``title``.</doc>
<status status="NOT RUN" start="2025-04-21T20:59:58.560970" elapsed="0.000098"/>
</kw>
<status status="FAIL" start="2025-04-21T20:59:58.475054" elapsed="0.086329">Location should have been 'https://melivecode.com/login/index.html' but was 'https://melivecode.com/login/login.html'.</status>
</kw>
<kw name="Close Browser" owner="SeleniumLibrary" type="TEARDOWN">
<doc>Closes the current browser.</doc>
<status status="PASS" start="2025-04-21T20:59:58.564855" elapsed="3.781346"/>
</kw>
<status status="FAIL" start="2025-04-21T20:59:49.525280" elapsed="12.821171">Location should have been 'https://melivecode.com/login/index.html' but was 'https://melivecode.com/login/login.html'.</status>
</test>
<doc>A test suite with a single test for valid login.

This test has a workflow that is created using keywords in
the imported resource file.</doc>
<status status="FAIL" start="2025-04-21T20:59:49.509941" elapsed="12.837320"/>
</suite>
<status status="FAIL" start="2025-04-21T20:59:35.438686" elapsed="26.909488"/>
</suite>
<statistics>
<total>
<stat pass="6" fail="1" skip="0">All Tests</stat>
</total>
<tag>
</tag>
<suite>
<stat name="Login Tests" id="s1" pass="6" fail="1" skip="0">Login Tests</stat>
<stat name="Invalid Login" id="s1-s1" pass="6" fail="0" skip="0">Login Tests.Invalid Login</stat>
<stat name="Valid Login" id="s1-s2" pass="0" fail="1" skip="0">Login Tests.Valid Login</stat>
</suite>
</statistics>
<errors>
</errors>
</robot>
